#
# A fatal error has been detected by the Java Runtime Environment:
#
#  EXCEPTION_ACCESS_VIOLATION (0xc0000005) at pc=0x00007ffa80a226c4, pid=21964, tid=14980
#
# JRE version: OpenJDK Runtime Environment (24.0.1+9) (build 24.0.1+9-30)
# Java VM: OpenJDK 64-Bit Server VM (24.0.1+9-30, mixed mode, sharing, tiered, compressed oops, compressed class ptrs, g1 gc, windows-amd64)
# Problematic frame:
# C  [libasyncProfiler.dll+0x926c4]
#
# No core dump will be written. Minidumps are not enabled by default on client versions of Windows
#
# JFR recording file will be written. Location: C:\Users\dejan\IdeaProjects\JAVAProjects\SGE\hs_err_pid21964.jfr
#
# If you would like to submit a bug report, please visit:
#   https://bugreport.java.com/bugreport/crash.jsp
# The crash happened outside the Java Virtual Machine in native code.
# See problematic frame for where to report the bug.
#

---------------  S U M M A R Y ------------

Command Line: -javaagent:C:\Users\dejan\AppData\Local\Programs\IntelliJ IDEA Ultimate\lib\idea_rt.jar=63076 -Dfile.encoding=UTF-8 -Dsun.stdout.encoding=UTF-8 -Dsun.stderr.encoding=UTF-8 Main.Main

Host: Intel(R) Core(TM) i3-6100U CPU @ 2.30GHz, 4 cores, 3G,  Windows 11 , 64 bit Build 22621 (10.0.22621.5413)
Time: Thu Jun 12 21:31:23 2025 Hora padrão África Centro Oeste elapsed time: 243.751281 seconds (0d 0h 4m 3s)

---------------  T H R E A D  ---------------

Current thread (0x0000019bc974c040):  JavaThread "Attach Listener" daemon [_thread_in_native, id=14980, stack(0x0000004e03f00000,0x0000004e04000000) (1024K)]

Stack: [0x0000004e03f00000,0x0000004e04000000],  sp=0x0000004e03fff210,  free space=1020k
Native frames: (J=compiled Java code, j=interpreted, Vv=VM code, C=native code)
C  [libasyncProfiler.dll+0x926c4]  (no source info available)
C  [libasyncProfiler.dll+0x92b9b]  (no source info available)
C  [libasyncProfiler.dll+0x917f4]  (no source info available)
C  [libasyncProfiler.dll+0x9206a]  (no source info available)
C  [libasyncProfiler.dll+0x8cc21]  (no source info available)
C  [libasyncProfiler.dll+0x7e5e1]  (no source info available)
C  [libasyncProfiler.dll+0x7d2f8]  (no source info available)
C  [libasyncProfiler.dll+0x7d1e0]  (no source info available)
C  [libasyncProfiler.dll+0x841b9]  (no source info available)
V  [jvm.dll+0x57eff7]  (no source info available)
V  [jvm.dll+0x57fdac]  (no source info available)
V  [jvm.dll+0x14ca17]  (no source info available)
V  [jvm.dll+0x14dfe1]  (no source info available)
V  [jvm.dll+0x42f456]  (no source info available)
V  [jvm.dll+0x87d76b]  (no source info available)
V  [jvm.dll+0x72ee55]  (no source info available)
C  [ucrtbase.dll+0x29333]  (no source info available)
C  [KERNEL32.DLL+0x1259d]  (no source info available)
C  [ntdll.dll+0x5af78]  (no source info available)


siginfo: EXCEPTION_ACCESS_VIOLATION (0xc0000005), reading address 0xffffffffffffffff


Registers:
RAX=0x0000000000000010, RBX=0x0000000000000000, RCX=0xffffffffffffffff, RDX=0x007ffa8618300010
RSP=0x0000004e03fff210, RBP=0x0000019c0f680608, RSI=0x0000004e03fff380, RDI=0x0000019c0f680608
R8 =0x0000000000000042, R9 =0x00000000c39135a8, R10=0x00007ffa863f9fb0, R11=0x0000000000000004
R12=0x0000004e03fff380, R13=0x0000019c0f4d3640, R14=0x0000019bc974c408, R15=0x0000019bc974c408
RIP=0x00007ffa80a226c4, EFLAGS=0x0000000000010202

XMM[0]=0x0000000000000000 0x0000000000000000
XMM[1]=0x0000000000000000 0x0000000000000000
XMM[2]=0x0000000000000000 0x0000000000000000
XMM[3]=0x0000000000000000 0x0000000000000000
XMM[4]=0x0000000000000000 0x0000000000000000
XMM[5]=0x0000000000000000 0x0000000000000000
XMM[6]=0x0000000000000000 0x0000000000000000
XMM[7]=0x0000000000000000 0x0000000000000000
XMM[8]=0x0000000000000000 0x0000000000000000
XMM[9]=0x0000000000000000 0x0000000000000000
XMM[10]=0x0000000000000000 0x0000000000000000
XMM[11]=0x0000000000000000 0x0000000000000000
XMM[12]=0x0000000000000000 0x0000000000000000
XMM[13]=0x0000000000000000 0x0000000000000000
XMM[14]=0x0000000000000000 0x0000000000000000
XMM[15]=0x0000000000000000 0x0000000000000000
  MXCSR=0x00001fa0


Register to memory mapping:

RAX=0x0000000000000010 is an unknown value
RBX=0x0 is null
RCX=0xffffffffffffffff is an unknown value
RDX=0x007ffa8618300010 is an unknown value
RSP=0x0000004e03fff210 is pointing into the stack for thread: 0x0000019bc974c040
RBP=0x0000019c0f680608 points into unknown readable memory: 0x00000000c39135a8 | a8 35 91 c3 00 00 00 00
RSI=0x0000004e03fff380 is pointing into the stack for thread: 0x0000019bc974c040
RDI=0x0000019c0f680608 points into unknown readable memory: 0x00000000c39135a8 | a8 35 91 c3 00 00 00 00
R8 =0x0000000000000042 is an unknown value
R9 =0x00000000c39135a8 is an oop: java.lang.Thread 
{0x00000000c39135a8} - klass: 'java/lang/Thread' - flags: 

 - ---- fields (total size 14 words):
 - 'threadLocalRandomProbe' 'I' @12  0 (0x00000000)
 - private volatile 'eetop' 'J' @16  1768156668944 (0x0000019bae59a410)
 - private final 'tid' 'J' @24  3 (0x0000000000000003)
 - 'threadLocalRandomSeed' 'J' @32  0 (0x0000000000000000)
 - injected 'jvmti_thread_state' 'J' @40  1768613723312 (0x0000019bc997bcb0)
 - 'threadLocalRandomSecondarySeed' 'I' @48  0 (0x00000000)
 - injected 'jvmti_VTMS_transition_disable_count' 'I' @52  0 (0x00000000)
 - injected 'jfr_epoch' 'S' @56  0 (0x0000)
 - volatile 'interrupted' 'Z' @58  false (0x00)
 - injected 'jvmti_is_in_VTMS_transition' 'Z' @59  false (0x00)
 - private volatile 'name' 'Ljava/lang/String;' @60  "main"{0x00000000c3913618} (0xc3913618)
 - private volatile 'contextClassLoader' 'Ljava/lang/ClassLoader;' @64  a 'jdk/internal/loader/ClassLoaders$AppClassLoader'{0x00000000c3b30068} (0xc3b30068)
 - private final 'holder' 'Ljava/lang/Thread$FieldHolder;' @68  a 'java/lang/Thread$FieldHolder'{0x00000000c3913648} (0xc3913648)
 - 'threadLocals' 'Ljava/lang/ThreadLocal$ThreadLocalMap;' @72  a 'java/lang/ThreadLocal$ThreadLocalMap'{0x00000000c3913670} (0xc3913670)
 - 'inheritableThreadLocals' 'Ljava/lang/ThreadLocal$ThreadLocalMap;' @76  null (0x00000000)
 - private 'scopedValueBindings' 'Ljava/lang/Object;' @80  a 'java/lang/Class'{0x00000000ffe7c258} = 'java/lang/Thread' (0xffe7c258)
 - final 'interruptLock' 'Ljava/lang/Object;' @84  a 'java/lang/Object'{0x00000000c3913890} (0xc3913890)
 - private volatile 'parkBlocker' 'Ljava/lang/Object;' @88  null (0x00000000)
 - private 'nioBlocker' 'Lsun/nio/ch/Interruptible;' @92  null (0x00000000)
 - private 'cont' 'Ljdk/internal/vm/Continuation;' @96  null (0x00000000)
 - private volatile 'uncaughtExceptionHandler' 'Ljava/lang/Thread$UncaughtExceptionHandler;' @100  null (0x00000000)
 - private 'container' 'Ljdk/internal/vm/ThreadContainer;' @104  null (0x00000000)
 - private volatile 'headStackableScopes' 'Ljdk/internal/vm/StackableScope;' @108  null (0x00000000)
R10=0x00007ffa863f9fb0 jvm.dll
R11=0x0000000000000004 is an unknown value
R12=0x0000004e03fff380 is pointing into the stack for thread: 0x0000019bc974c040
R13=0x0000019c0f4d3640 points into unknown readable memory: 0x00007ffa8636a510 | 10 a5 36 86 fa 7f 00 00
R14=0x0000019bc974c408 points into unknown readable memory: 0x00007ffa863617b0 | b0 17 36 86 fa 7f 00 00
R15=0x0000019bc974c408 points into unknown readable memory: 0x00007ffa863617b0 | b0 17 36 86 fa 7f 00 00

Top of Stack: (sp=0x0000004e03fff210)
0x0000004e03fff210:   0000004e03fff380 0000019c0f680608   ....N.....h.....
0x0000004e03fff220:   0000000000000000 0000019bc974c790   ..........t.....
0x0000004e03fff230:   000000000000001d 00007ffa80a22b9b   .........+......
0x0000004e03fff240:   0000000000000000 0000019bc974c408   ..........t.....
0x0000004e03fff250:   0000004e03fff301 0000000000000000   ....N...........
0x0000004e03fff260:   0000019c0fcac3e0 00007ffa80a217f4   ................
0x0000004e03fff270:   0000000000000000 000000000000001d   ................
0x0000004e03fff280:   0000000000000000 000000000000001d   ................
0x0000004e03fff290:   0000000e12729040 0000019c0fc7c120   @.r..... .......
0x0000004e03fff2a0:   0000019c0fcac3e0 0000019c0fcac454   ........T.......
0x0000004e03fff2b0:   0000019c0fcac488 0000000000005768   ........hW......
0x0000004e03fff2c0:   0000000000000000 0000000000000000   ................
0x0000004e03fff2d0:   0000000000000000 00007ffa85bc57d4   .........W......
0x0000004e03fff2e0:   00007ffa80b64ca0 00000000000055cc   .L.......U......
0x0000004e03fff2f0:   00007ffa80b64ca0 00000000ffffffff   .L..............
0x0000004e03fff300:   0000000000000000 00007ffa80a2206a   ........j ......
0x0000004e03fff310:   0000019bc974c408 0000000000000000   ..t.............
0x0000004e03fff320:   0000004e03fff389 0000019c0f4d3640   ....N...@6M.....
0x0000004e03fff330:   0000000000000003 0000000000000048   ........H.......
0x0000004e03fff340:   0000000800800310 0000000000000020   ........ .......
0x0000004e03fff350:   0000019bc974c408 00007ffa80b64ca0   ..t......L......
0x0000004e03fff360:   0000019bae645d40 0000019bc997bcb0   @]d.............
0x0000004e03fff370:   0000000800800390 0000019bc974c408   ..........t.....
0x0000004e03fff380:   0000019c0f589aa0 0000019c0f589e40   ..X.....@.X.....
0x0000004e03fff390:   0000019c0f589e40 00007ffa80b64ca0   @.X......L......
0x0000004e03fff3a0:   0000019c0ffa5d20 0000019bac1c0000    ]..............
0x0000004e03fff3b0:   0000004e03fff650 0000000000008840   P...N...@.......
0x0000004e03fff3c0:   0000004e03fff830 00007ffa80b64cf0   0...N....L......
0x0000004e03fff3d0:   0000000000989680 0000000000989680   ................
0x0000004e03fff3e0:   0000004e03fff4f0 00007ffa80a1cc21   ....N...!.......
0x0000004e03fff3f0:   00007ffa80b64ca0 00007ffa80b64cf8   .L.......L......
0x0000004e03fff400:   00007ffa00000000 00007ffa00000001   ................

Instructions: (pc=0x00007ffa80a226c4)
  0x00007ffa80a225c4:   cc cc cc cc cc cc cc cc cc cc cc cc cc cc cc cc
  0x00007ffa80a225d4:   cc cc cc cc cc cc cc cc cc cc cc cc cc cc cc cc
  0x00007ffa80a225e4:   cc cc cc cc cc cc cc cc cc cc cc cc cc cc cc cc
  0x00007ffa80a225f4:   cc cc cc cc cc cc cc cc cc cc cc cc cc cc cc cc
  0x00007ffa80a22604:   cc cc cc cc cc cc cc cc cc cc cc cc cc cc cc cc
  0x00007ffa80a22614:   cc cc cc cc cc cc cc cc cc cc cc cc cc cc cc cc
  0x00007ffa80a22624:   cc cc cc cc cc cc cc cc cc cc cc cc cc cc cc cc
  0x00007ffa80a22634:   cc cc cc cc cc cc cc cc cc cc cc cc cc cc cc cc
  0x00007ffa80a22644:   cc cc cc cc cc cc cc cc cc cc cc cc 40 57 48 83
  0x00007ffa80a22654:   ec 20 48 8b f9 48 8b 0d 10 28 14 00 48 85 c9 74
  0x00007ffa80a22664:   20 48 8b 01 48 8d 54 24 38 41 b8 06 00 01 00 4c
  0x00007ffa80a22674:   8b 48 30 41 ff d1 85 c0 75 07 48 8b 4c 24 38 eb
  0x00007ffa80a22684:   02 33 c9 4c 8b 05 ea 28 14 00 48 89 5c 24 30 4d
  0x00007ffa80a22694:   85 c0 74 4a 48 8b 01 48 8b d7 4c 8b 88 28 03 00
  0x00007ffa80a226a4:   00 41 ff d1 48 85 c0 74 35 48 63 0d f8 e6 13 00
  0x00007ffa80a226b4:   48 8b 14 01 48 85 d2 74 15 48 63 05 fc e6 13 00
=>0x00007ffa80a226c4:   8b 04 10 48 8b 5c 24 30 48 83 c4 20 5f c3 b8 ff
  0x00007ffa80a226d4:   ff ff ff 48 8b 5c 24 30 48 83 c4 20 5f c3 80 3d
  0x00007ffa80a226e4:   9b 27 14 00 00 bb ff ff ff ff 74 20 4c 8b 0d 31
  0x00007ffa80a226f4:   24 14 00 4c 8d 44 24 38 48 8b 0d 15 24 14 00 48
  0x00007ffa80a22704:   8b d7 41 ff d1 85 c0 0f 44 5c 24 38 8b c3 48 8b
  0x00007ffa80a22714:   5c 24 30 48 83 c4 20 5f c3 cc cc cc cc cc cc cc
  0x00007ffa80a22724:   cc cc cc cc cc cc cc cc cc cc cc cc cc cc cc cc
  0x00007ffa80a22734:   cc cc cc cc cc cc cc cc cc cc cc cc cc cc cc cc
  0x00007ffa80a22744:   cc cc cc cc cc cc cc cc cc cc cc cc 48 89 54 24
  0x00007ffa80a22754:   10 53 55 56 57 41 56 41 57 48 83 ec 28 48 8b f2
  0x00007ffa80a22764:   4c 8b f1 48 89 4c 24 78 45 33 ff 44 89 7c 24 68
  0x00007ffa80a22774:   c7 44 24 60 01 00 00 00 48 8d 4c 24 68 e8 ed 42
  0x00007ffa80a22784:   f7 ff 8b d8 48 8d 4c 24 60 e8 e1 42 f7 ff 8b e8
  0x00007ffa80a22794:   49 8b ce e8 00 fc f6 ff 48 8b f8 90 8b c3 f0 0f
  0x00007ffa80a227a4:   b1 2f 74 04 f3 90 eb f4 4c 89 3e 4c 89 7e 08 4c
  0x00007ffa80a227b4:   89 7e 10 49 8b 6e 08 4d 8b 76 10 49 3b ee 0f 84


Stack slot to memory mapping:

stack at sp + 0 slots: 0x0000004e03fff380 is pointing into the stack for thread: 0x0000019bc974c040
stack at sp + 1 slots: 0x0000019c0f680608 points into unknown readable memory: 0x00000000c39135a8 | a8 35 91 c3 00 00 00 00
stack at sp + 2 slots: 0x0 is null
stack at sp + 3 slots: 0x0000019bc974c790 points into unknown readable memory: 0x6e616c2e6176616a | 6a 61 76 61 2e 6c 61 6e
stack at sp + 4 slots: 0x000000000000001d is an unknown value
stack at sp + 5 slots: 0x00007ffa80a22b9b libasyncProfiler.dll
stack at sp + 6 slots: 0x0 is null
stack at sp + 7 slots: 0x0000019bc974c408 points into unknown readable memory: 0x00007ffa863617b0 | b0 17 36 86 fa 7f 00 00

Lock stack of current Java thread (top to bottom):


---------------  P R O C E S S  ---------------

Threads class SMR info:
_java_thread_list=0x0000019c0f5694b0, length=18, elements={
0x0000019bae59a410, 0x0000019bc97450c0, 0x0000019bc97460b0, 0x0000019bc9749190,
0x0000019bc974c040, 0x0000019bc974f040, 0x0000019bc974cca0, 0x0000019bc974d840,
0x0000019bc974dfd0, 0x0000019bc99a0950, 0x0000019bc99db280, 0x0000019bc99dd620,
0x0000019c0f76c670, 0x0000019c0f773e40, 0x0000019c0f77fad0, 0x0000019c0f780a20,
0x0000019c0f474ba0, 0x0000019c0f4735b0
}

Java Threads: ( => current thread )
  0x0000019bae59a410 JavaThread "main"                              [_thread_in_native, id=5500, stack(0x0000004e03400000,0x0000004e03500000) (1024K)]
  0x0000019bc97450c0 JavaThread "Reference Handler"          daemon [_thread_blocked, id=22460, stack(0x0000004e03c00000,0x0000004e03d00000) (1024K)]
  0x0000019bc97460b0 JavaThread "Finalizer"                  daemon [_thread_blocked, id=21516, stack(0x0000004e03d00000,0x0000004e03e00000) (1024K)]
  0x0000019bc9749190 JavaThread "Signal Dispatcher"          daemon [_thread_blocked, id=16404, stack(0x0000004e03e00000,0x0000004e03f00000) (1024K)]
=>0x0000019bc974c040 JavaThread "Attach Listener"            daemon [_thread_in_native, id=14980, stack(0x0000004e03f00000,0x0000004e04000000) (1024K)]
  0x0000019bc974f040 JavaThread "Service Thread"             daemon [_thread_blocked, id=21232, stack(0x0000004e04000000,0x0000004e04100000) (1024K)]
  0x0000019bc974cca0 JavaThread "Monitor Deflation Thread"   daemon [_thread_blocked, id=13404, stack(0x0000004e04100000,0x0000004e04200000) (1024K)]
  0x0000019bc974d840 JavaThread "C2 CompilerThread0"         daemon [_thread_blocked, id=20048, stack(0x0000004e04200000,0x0000004e04300000) (1024K)]
  0x0000019bc974dfd0 JavaThread "C1 CompilerThread0"         daemon [_thread_blocked, id=12772, stack(0x0000004e04300000,0x0000004e04400000) (1024K)]
  0x0000019bc99a0950 JavaThread "Common-Cleaner"             daemon [_thread_blocked, id=7724, stack(0x0000004e04400000,0x0000004e04500000) (1024K)]
  0x0000019bc99db280 JavaThread "Monitor Ctrl-Break"         daemon [_thread_in_native, id=11864, stack(0x0000004e04500000,0x0000004e04600000) (1024K)]
  0x0000019bc99dd620 JavaThread "Notification Thread"        daemon [_thread_blocked, id=21316, stack(0x0000004e04600000,0x0000004e04700000) (1024K)]
  0x0000019c0f76c670 JavaThread "RMI TCP Accept-0"           daemon [_thread_in_native, id=15852, stack(0x0000004e04700000,0x0000004e04800000) (1024K)]
  0x0000019c0f773e40 JavaThread "RMI TCP Connection(3)-192.168.0.163" daemon [_thread_in_native, id=9836, stack(0x0000004e04800000,0x0000004e04900000) (1024K)]
  0x0000019c0f77fad0 JavaThread "RMI Scheduler(0)"           daemon [_thread_blocked, id=10084, stack(0x0000004e04900000,0x0000004e04a00000) (1024K)]
  0x0000019c0f780a20 JavaThread "JMX server connection timeout 29" daemon [_thread_blocked, id=18224, stack(0x0000004e04a00000,0x0000004e04b00000) (1024K)]
  0x0000019c0f474ba0 JavaThread "JFR Recorder Thread"        daemon [_thread_in_native, id=4792, stack(0x0000004e03100000,0x0000004e03200000) (1024K)]
  0x0000019c0f4735b0 JavaThread "JFR Periodic Tasks"         daemon [_thread_blocked, id=22376, stack(0x0000004e04c00000,0x0000004e04d00000) (1024K)]
Total: 18

Other Threads:
  0x0000019bae658db0 VMThread "VM Thread"                           [id=3248, stack(0x0000004e03b00000,0x0000004e03c00000) (1024K)]
  0x0000019bc973ba10 WatcherThread "VM Periodic Task Thread"        [id=13572, stack(0x0000004e03a00000,0x0000004e03b00000) (1024K)]
  0x0000019bae5d33e0 WorkerThread "GC Thread#0"                     [id=19156, stack(0x0000004e03500000,0x0000004e03600000) (1024K)]
  0x0000019c0f5961c0 WorkerThread "GC Thread#1"                     [id=4604, stack(0x0000004e03200000,0x0000004e03300000) (1024K)]
  0x0000019c103e9d40 WorkerThread "GC Thread#2"                     [id=21416, stack(0x0000004e03300000,0x0000004e03400000) (1024K)]
  0x0000019c0f589340 WorkerThread "GC Thread#3"                     [id=13148, stack(0x0000004e04b00000,0x0000004e04c00000) (1024K)]
  0x0000019bae5de1f0 ConcurrentGCThread "G1 Main Marker"            [id=3924, stack(0x0000004e03600000,0x0000004e03700000) (1024K)]
  0x0000019bae5e18b0 WorkerThread "G1 Conc#0"                       [id=16476, stack(0x0000004e03700000,0x0000004e03800000) (1024K)]
  0x0000019bae638b60 ConcurrentGCThread "G1 Refine#0"               [id=1568, stack(0x0000004e03800000,0x0000004e03900000) (1024K)]
  0x0000019bae6396e0 ConcurrentGCThread "G1 Service"                [id=1932, stack(0x0000004e03900000,0x0000004e03a00000) (1024K)]
Total: 10

Threads with active compile tasks:
Total: 0

VM state: not at safepoint (normal execution)

VM Mutex/Monitor currently owned by a thread: None

Heap address: 0x00000000c1800000, size: 1000 MB, Compressed Oops mode: 32-bit

CDS archive(s) mapped at: [0x0000019bca000000-0x0000019bcad40000-0x0000019bcad40000), size 13893632, SharedBaseAddress: 0x0000019bca000000, ArchiveRelocationMode: 1.
Compressed class space mapped at: 0x0000019bcb000000-0x0000019c0b000000, reserved size: 1073741824
UseCompressedClassPointers 1, UseCompactObjectHeaders 0
Narrow klass pointer bits 32, Max shift 3
Narrow klass base: 0x0000019bca000000, Narrow klass shift: 0
Encoding Range: [0x0000019bca000000 - 0x0000019cca000000), (4294967296 bytes)
Klass Range:    [0x0000019bca000000 - 0x0000019c0b000000), (1090519040 bytes)
Klass ID Range:  [8 - 1090519033) (1090519025)

GC Precious Log:
 CardTable entry size: 512
 Card Set container configuration: InlinePtr #cards 5 size 8 Array Of Cards #cards 10 size 36 Howl #buckets 4 coarsen threshold 1843 Howl Bitmap #cards 512 size 80 coarsen threshold 460 Card regions per heap region 1 cards per card region 2048
 CPUs: 4 total, 4 available
 Memory: 3992M
 Large Page Support: Disabled
 NUMA Support: Disabled
 Compressed Oops: Enabled (32-bit)
 Heap Region Size: 1M
 Heap Min Capacity: 8M
 Heap Initial Capacity: 64M
 Heap Max Capacity: 1000M
 Pre-touch: Disabled
 Parallel Workers: 4
 Concurrent Workers: 1
 Concurrent Refinement Workers: 4
 Periodic GC: Disabled

Heap:
 garbage-first heap   total reserved 1024000K, committed 67584K, used 9840K [0x00000000c1800000, 0x0000000100000000)
  region size 1024K, 10 young (10240K), 4 survivors (4096K)
 Metaspace       used 8245K, committed 8576K, reserved 1114112K
  class space    used 739K, committed 896K, reserved 1048576K

Heap Regions: E=young(eden), S=young(survivor), O=old, HS=humongous(starts), HC=humongous(continues), CS=collection set, F=free, TAMS=top-at-mark-start, PB=parsable bottom
|   0|0x00000000c1800000, 0x00000000c1800000, 0x00000000c1900000|  0%| F|  |TAMS 0x00000000c1800000| PB 0x00000000c1800000| Untracked |  0
|   1|0x00000000c1900000, 0x00000000c1900000, 0x00000000c1a00000|  0%| F|  |TAMS 0x00000000c1900000| PB 0x00000000c1900000| Untracked |  0
|   2|0x00000000c1a00000, 0x00000000c1a00000, 0x00000000c1b00000|  0%| F|  |TAMS 0x00000000c1a00000| PB 0x00000000c1a00000| Untracked |  0
|   3|0x00000000c1b00000, 0x00000000c1b00000, 0x00000000c1c00000|  0%| F|  |TAMS 0x00000000c1b00000| PB 0x00000000c1b00000| Untracked |  0
|   4|0x00000000c1c00000, 0x00000000c1c00000, 0x00000000c1d00000|  0%| F|  |TAMS 0x00000000c1c00000| PB 0x00000000c1c00000| Untracked |  0
|   5|0x00000000c1d00000, 0x00000000c1d00000, 0x00000000c1e00000|  0%| F|  |TAMS 0x00000000c1d00000| PB 0x00000000c1d00000| Untracked |  0
|   6|0x00000000c1e00000, 0x00000000c1e00000, 0x00000000c1f00000|  0%| F|  |TAMS 0x00000000c1e00000| PB 0x00000000c1e00000| Untracked |  0
|   7|0x00000000c1f00000, 0x00000000c1f00000, 0x00000000c2000000|  0%| F|  |TAMS 0x00000000c1f00000| PB 0x00000000c1f00000| Untracked |  0
|   8|0x00000000c2000000, 0x00000000c2000000, 0x00000000c2100000|  0%| F|  |TAMS 0x00000000c2000000| PB 0x00000000c2000000| Untracked |  0
|   9|0x00000000c2100000, 0x00000000c2100000, 0x00000000c2200000|  0%| F|  |TAMS 0x00000000c2100000| PB 0x00000000c2100000| Untracked |  0
|  10|0x00000000c2200000, 0x00000000c2200000, 0x00000000c2300000|  0%| F|  |TAMS 0x00000000c2200000| PB 0x00000000c2200000| Untracked |  0
|  11|0x00000000c2300000, 0x00000000c2300000, 0x00000000c2400000|  0%| F|  |TAMS 0x00000000c2300000| PB 0x00000000c2300000| Untracked |  0
|  12|0x00000000c2400000, 0x00000000c2400000, 0x00000000c2500000|  0%| F|  |TAMS 0x00000000c2400000| PB 0x00000000c2400000| Untracked |  0
|  13|0x00000000c2500000, 0x00000000c2500000, 0x00000000c2600000|  0%| F|  |TAMS 0x00000000c2500000| PB 0x00000000c2500000| Untracked |  0
|  14|0x00000000c2600000, 0x00000000c2600000, 0x00000000c2700000|  0%| F|  |TAMS 0x00000000c2600000| PB 0x00000000c2600000| Untracked |  0
|  15|0x00000000c2700000, 0x00000000c2700000, 0x00000000c2800000|  0%| F|  |TAMS 0x00000000c2700000| PB 0x00000000c2700000| Untracked |  0
|  16|0x00000000c2800000, 0x00000000c2800000, 0x00000000c2900000|  0%| F|  |TAMS 0x00000000c2800000| PB 0x00000000c2800000| Untracked |  0
|  17|0x00000000c2900000, 0x00000000c2900000, 0x00000000c2a00000|  0%| F|  |TAMS 0x00000000c2900000| PB 0x00000000c2900000| Untracked |  0
|  18|0x00000000c2a00000, 0x00000000c2a00000, 0x00000000c2b00000|  0%| F|  |TAMS 0x00000000c2a00000| PB 0x00000000c2a00000| Untracked |  0
|  19|0x00000000c2b00000, 0x00000000c2b00000, 0x00000000c2c00000|  0%| F|  |TAMS 0x00000000c2b00000| PB 0x00000000c2b00000| Untracked |  0
|  20|0x00000000c2c00000, 0x00000000c2c00000, 0x00000000c2d00000|  0%| F|  |TAMS 0x00000000c2c00000| PB 0x00000000c2c00000| Untracked |  0
|  21|0x00000000c2d00000, 0x00000000c2d00000, 0x00000000c2e00000|  0%| F|  |TAMS 0x00000000c2d00000| PB 0x00000000c2d00000| Untracked |  0
|  22|0x00000000c2e00000, 0x00000000c2e00000, 0x00000000c2f00000|  0%| F|  |TAMS 0x00000000c2e00000| PB 0x00000000c2e00000| Untracked |  0
|  23|0x00000000c2f00000, 0x00000000c2f00000, 0x00000000c3000000|  0%| F|  |TAMS 0x00000000c2f00000| PB 0x00000000c2f00000| Untracked |  0
|  24|0x00000000c3000000, 0x00000000c3000000, 0x00000000c3100000|  0%| F|  |TAMS 0x00000000c3000000| PB 0x00000000c3000000| Untracked |  0
|  25|0x00000000c3100000, 0x00000000c3100000, 0x00000000c3200000|  0%| F|  |TAMS 0x00000000c3100000| PB 0x00000000c3100000| Untracked |  0
|  26|0x00000000c3200000, 0x00000000c3200000, 0x00000000c3300000|  0%| F|  |TAMS 0x00000000c3200000| PB 0x00000000c3200000| Untracked |  0
|  27|0x00000000c3300000, 0x00000000c3300000, 0x00000000c3400000|  0%| F|  |TAMS 0x00000000c3300000| PB 0x00000000c3300000| Untracked |  0
|  28|0x00000000c3400000, 0x00000000c3400000, 0x00000000c3500000|  0%| F|  |TAMS 0x00000000c3400000| PB 0x00000000c3400000| Untracked |  0
|  29|0x00000000c3500000, 0x00000000c3500000, 0x00000000c3600000|  0%| F|  |TAMS 0x00000000c3500000| PB 0x00000000c3500000| Untracked |  0
|  30|0x00000000c3600000, 0x00000000c3600000, 0x00000000c3700000|  0%| F|  |TAMS 0x00000000c3600000| PB 0x00000000c3600000| Untracked |  0
|  31|0x00000000c3700000, 0x00000000c3700000, 0x00000000c3800000|  0%| F|  |TAMS 0x00000000c3700000| PB 0x00000000c3700000| Untracked |  0
|  32|0x00000000c3800000, 0x00000000c3880000, 0x00000000c3900000| 50%| S|CS|TAMS 0x00000000c3800000| PB 0x00000000c3800000| Complete |  0
|  33|0x00000000c3900000, 0x00000000c3a00000, 0x00000000c3a00000|100%| S|CS|TAMS 0x00000000c3900000| PB 0x00000000c3900000| Complete |  0
|  34|0x00000000c3a00000, 0x00000000c3b00000, 0x00000000c3b00000|100%| S|CS|TAMS 0x00000000c3a00000| PB 0x00000000c3a00000| Complete |  0
|  35|0x00000000c3b00000, 0x00000000c3c00000, 0x00000000c3c00000|100%| S|CS|TAMS 0x00000000c3b00000| PB 0x00000000c3b00000| Complete |  0
|  36|0x00000000c3c00000, 0x00000000c3c00000, 0x00000000c3d00000|  0%| F|  |TAMS 0x00000000c3c00000| PB 0x00000000c3c00000| Untracked |  0
|  37|0x00000000c3d00000, 0x00000000c3d00000, 0x00000000c3e00000|  0%| F|  |TAMS 0x00000000c3d00000| PB 0x00000000c3d00000| Untracked |  0
|  38|0x00000000c3e00000, 0x00000000c3e00000, 0x00000000c3f00000|  0%| F|  |TAMS 0x00000000c3e00000| PB 0x00000000c3e00000| Untracked |  0
|  39|0x00000000c3f00000, 0x00000000c3f00000, 0x00000000c4000000|  0%| F|  |TAMS 0x00000000c3f00000| PB 0x00000000c3f00000| Untracked |  0
|  40|0x00000000c4000000, 0x00000000c4000000, 0x00000000c4100000|  0%| F|  |TAMS 0x00000000c4000000| PB 0x00000000c4000000| Untracked |  0
|  41|0x00000000c4100000, 0x00000000c4100000, 0x00000000c4200000|  0%| F|  |TAMS 0x00000000c4100000| PB 0x00000000c4100000| Untracked |  0
|  42|0x00000000c4200000, 0x00000000c4200000, 0x00000000c4300000|  0%| F|  |TAMS 0x00000000c4200000| PB 0x00000000c4200000| Untracked |  0
|  43|0x00000000c4300000, 0x00000000c4300000, 0x00000000c4400000|  0%| F|  |TAMS 0x00000000c4300000| PB 0x00000000c4300000| Untracked |  0
|  44|0x00000000c4400000, 0x00000000c4400000, 0x00000000c4500000|  0%| F|  |TAMS 0x00000000c4400000| PB 0x00000000c4400000| Untracked |  0
|  45|0x00000000c4500000, 0x00000000c4500000, 0x00000000c4600000|  0%| F|  |TAMS 0x00000000c4500000| PB 0x00000000c4500000| Untracked |  0
|  46|0x00000000c4600000, 0x00000000c4600000, 0x00000000c4700000|  0%| F|  |TAMS 0x00000000c4600000| PB 0x00000000c4600000| Untracked |  0
|  47|0x00000000c4700000, 0x00000000c4700000, 0x00000000c4800000|  0%| F|  |TAMS 0x00000000c4700000| PB 0x00000000c4700000| Untracked |  0
|  48|0x00000000c4800000, 0x00000000c4800000, 0x00000000c4900000|  0%| F|  |TAMS 0x00000000c4800000| PB 0x00000000c4800000| Untracked |  0
|  49|0x00000000c4900000, 0x00000000c4900000, 0x00000000c4a00000|  0%| F|  |TAMS 0x00000000c4900000| PB 0x00000000c4900000| Untracked |  0
|  50|0x00000000c4a00000, 0x00000000c4a00000, 0x00000000c4b00000|  0%| F|  |TAMS 0x00000000c4a00000| PB 0x00000000c4a00000| Untracked |  0
|  51|0x00000000c4b00000, 0x00000000c4b00000, 0x00000000c4c00000|  0%| F|  |TAMS 0x00000000c4b00000| PB 0x00000000c4b00000| Untracked |  0
|  52|0x00000000c4c00000, 0x00000000c4c00000, 0x00000000c4d00000|  0%| F|  |TAMS 0x00000000c4c00000| PB 0x00000000c4c00000| Untracked |  0
|  53|0x00000000c4d00000, 0x00000000c4d00000, 0x00000000c4e00000|  0%| F|  |TAMS 0x00000000c4d00000| PB 0x00000000c4d00000| Untracked |  0
|  54|0x00000000c4e00000, 0x00000000c4e00000, 0x00000000c4f00000|  0%| F|  |TAMS 0x00000000c4e00000| PB 0x00000000c4e00000| Untracked |  0
|  55|0x00000000c4f00000, 0x00000000c4f00000, 0x00000000c5000000|  0%| F|  |TAMS 0x00000000c4f00000| PB 0x00000000c4f00000| Untracked |  0
|  56|0x00000000c5000000, 0x00000000c5000000, 0x00000000c5100000|  0%| F|  |TAMS 0x00000000c5000000| PB 0x00000000c5000000| Untracked |  0
|  57|0x00000000c5100000, 0x00000000c5100000, 0x00000000c5200000|  0%| F|  |TAMS 0x00000000c5100000| PB 0x00000000c5100000| Untracked |  0
|  58|0x00000000c5200000, 0x00000000c5256a18, 0x00000000c5300000| 33%| E|  |TAMS 0x00000000c5200000| PB 0x00000000c5200000| Complete |  0
|  59|0x00000000c5300000, 0x00000000c5400000, 0x00000000c5400000|100%| E|CS|TAMS 0x00000000c5300000| PB 0x00000000c5300000| Complete |  0
|  60|0x00000000c5400000, 0x00000000c5500000, 0x00000000c5500000|100%| E|CS|TAMS 0x00000000c5400000| PB 0x00000000c5400000| Complete |  0
|  61|0x00000000c5500000, 0x00000000c5600000, 0x00000000c5600000|100%| E|CS|TAMS 0x00000000c5500000| PB 0x00000000c5500000| Complete |  0
|  62|0x00000000c5600000, 0x00000000c5700000, 0x00000000c5700000|100%| E|CS|TAMS 0x00000000c5600000| PB 0x00000000c5600000| Complete |  0
|  63|0x00000000c5700000, 0x00000000c5800000, 0x00000000c5800000|100%| E|CS|TAMS 0x00000000c5700000| PB 0x00000000c5700000| Complete |  0
| 998|0x00000000ffe00000, 0x00000000fff00000, 0x00000000fff00000|100%| O|  |TAMS 0x00000000ffe00000| PB 0x00000000ffe00000| Untracked |  0
| 999|0x00000000fff00000, 0x00000000fff1c288, 0x0000000100000000| 10%| O|  |TAMS 0x00000000fff00000| PB 0x00000000fff00000| Untracked |  0

Card table byte_map: [0x0000019bc6040000,0x0000019bc6240000] _byte_map_base: 0x0000019bc5a34000

Marking Bits: (CMBitMap*) 0x0000019bae5d3af0
 Bits: [0x0000019bc6240000, 0x0000019bc71e0000)

Polling page: 0x0000019bac3b0000

Metaspace:

Usage:
  Non-class:      7.33 MB used.
      Class:    739.86 KB used.
       Both:      8.05 MB used.

Virtual space:
  Non-class space:       64.00 MB reserved,       7.50 MB ( 12%) committed,  1 nodes.
      Class space:        1.00 GB reserved,     896.00 KB ( <1%) committed,  1 nodes.
             Both:        1.06 GB reserved,       8.38 MB ( <1%) committed. 

Chunk freelists:
   Non-Class:  8.41 MB
       Class:  15.17 MB
        Both:  23.58 MB

MaxMetaspaceSize: unlimited
CompressedClassSpaceSize: 1.00 GB
Initial GC threshold: 21.00 MB
Current GC threshold: 21.00 MB
CDS: on
 - commit_granule_bytes: 65536.
 - commit_granule_words: 8192.
 - virtual_space_node_default_size: 8388608.
 - enlarge_chunks_in_place: 1.
UseCompressedClassPointers 1, UseCompactObjectHeaders 0
Narrow klass pointer bits 32, Max shift 3
Narrow klass base: 0x0000019bca000000, Narrow klass shift: 0
Encoding Range: [0x0000019bca000000 - 0x0000019cca000000), (4294967296 bytes)
Klass Range:    [0x0000019bca000000 - 0x0000019c0b000000), (1090519040 bytes)
Klass ID Range:  [8 - 1090519033) (1090519025)


Internal statistics:

num_allocs_failed_limit: 0.
num_arena_births: 226.
num_arena_deaths: 0.
num_vsnodes_births: 2.
num_vsnodes_deaths: 0.
num_space_committed: 134.
num_space_uncommitted: 0.
num_chunks_returned_to_freelist: 0.
num_chunks_taken_from_freelist: 343.
num_chunk_merges: 0.
num_chunk_splits: 180.
num_chunks_enlarged: 33.
num_inconsistent_stats: 0.

CodeHeap 'non-profiled nmethods': size=120064Kb used=767Kb max_used=767Kb free=119296Kb
 bounds [0x0000019bbe900000, 0x0000019bbeb70000, 0x0000019bc5e40000]
CodeHeap 'profiled nmethods': size=120000Kb used=3655Kb max_used=3655Kb free=116344Kb
 bounds [0x0000019bb6e40000, 0x0000019bb71e0000, 0x0000019bbe370000]
CodeHeap 'non-nmethods': size=5696Kb used=1346Kb max_used=1388Kb free=4349Kb
 bounds [0x0000019bbe370000, 0x0000019bbe5e0000, 0x0000019bbe900000]
CodeCache: size=245760Kb, used=5768Kb, max_used=5810Kb, free=239989Kb
 total_blobs=2873, nmethods=2359, adapters=419, full_count=0
Compilation: enabled, stopped_count=0, restarted_count=0

Compilation events (20 events):
Event: 243.630 Thread 0x0000019bc974dfd0 nmethod 2357 0x0000019bbe9b7488 code [0x0000019bbe9b7580, 0x0000019bbe9b7648]
Event: 243.630 Thread 0x0000019bc974dfd0 2358       3       java.util.Comparator$$Lambda/0x0000019bcb0a23b0::compare (10 bytes)
Event: 243.630 Thread 0x0000019bc974dfd0 nmethod 2358 0x0000019bb71d1108 code [0x0000019bb71d1260, 0x0000019bb71d16d0]
Event: 243.630 Thread 0x0000019bc974dfd0 2359       3       java.util.Comparator::lambda$comparingLong$6043328a$1 (18 bytes)
Event: 243.631 Thread 0x0000019bc974dfd0 nmethod 2359 0x0000019bb71d1708 code [0x0000019bb71d1860, 0x0000019bb71d1c40]
Event: 243.638 Thread 0x0000019bc974d840 nmethod 2328 0x0000019bbe9b7788 code [0x0000019bbe9b7b00, 0x0000019bbe9bb728]
Event: 243.639 Thread 0x0000019bc974d840 2333       4       java.io.ByteArrayOutputStream::ensureCapacity (32 bytes)
Event: 243.640 Thread 0x0000019bc974d840 nmethod 2333 0x0000019bbe9bb808 code [0x0000019bbe9bb920, 0x0000019bbe9bbb20]
Event: 243.640 Thread 0x0000019bc974d840 2323  s    4       java.io.ByteArrayOutputStream::write (32 bytes)
Event: 243.644 Thread 0x0000019bc974d840 nmethod 2323 0x0000019bbe9bbb88 code [0x0000019bbe9bbcc0, 0x0000019bbe9bc1b8]
Event: 243.644 Thread 0x0000019bc974d840 2325  s    4       java.io.DataOutputStream::write (14 bytes)
Event: 243.649 Thread 0x0000019bc974d840 nmethod 2325 0x0000019bbe9bc208 code [0x0000019bbe9bc360, 0x0000019bbe9bcb40]
Event: 243.649 Thread 0x0000019bc974d840 2327       4       jdk.jfr.internal.MetadataWriter::writeInt (148 bytes)
Event: 243.668 Thread 0x0000019bc974d840 nmethod 2327 0x0000019bbe9bcb88 code [0x0000019bbe9bcd80, 0x0000019bbe9be578]
Event: 243.668 Thread 0x0000019bc974d840 2331       4       java.util.LinkedHashMap::get (29 bytes)
Event: 243.684 Thread 0x0000019bc974d840 nmethod 2331 0x0000019bbe9be608 code [0x0000019bbe9be760, 0x0000019bbe9bed50]
Event: 243.684 Thread 0x0000019bc974d840 2324       4       java.lang.Number::<init> (5 bytes)
Event: 243.685 Thread 0x0000019bc974d840 nmethod 2324 0x0000019bbe9bed88 code [0x0000019bbe9bee80, 0x0000019bbe9beef8]
Event: 243.685 Thread 0x0000019bc974d840 2304       4       jdk.jfr.internal.MetadataDescriptor$Element::addAttribute (23 bytes)
Event: 243.696 Thread 0x0000019bc974d840 nmethod 2304 0x0000019bbe9bf088 code [0x0000019bbe9bf1e0, 0x0000019bbe9bfe58]

GC Heap History (2 events):
Event: 243.395 GC heap before
{Heap before GC invocations=0 (full 0):
 garbage-first heap   total reserved 1024000K, committed 67584K, used 29808K [0x00000000c1800000, 0x0000000100000000)
  region size 1024K, 28 young (28672K), 0 survivors (0K)
 Metaspace       used 7894K, committed 8192K, reserved 1114112K
  class space    used 701K, committed 832K, reserved 1048576K
}
Event: 243.452 GC heap after
{Heap after GC invocations=1 (full 0):
 garbage-first heap   total reserved 1024000K, committed 67584K, used 4720K [0x00000000c1800000, 0x0000000100000000)
  region size 1024K, 4 young (4096K), 4 survivors (4096K)
 Metaspace       used 7894K, committed 8192K, reserved 1114112K
  class space    used 701K, committed 832K, reserved 1048576K
}

Dll operation events (12 events):
Event: 0.128 Loaded shared library C:\Users\dejan\.jdks\openjdk-24.0.1\bin\java.dll
Event: 0.189 Loaded shared library C:\Users\dejan\.jdks\openjdk-24.0.1\bin\jsvml.dll
Event: 0.316 Loaded shared library C:\Users\dejan\.jdks\openjdk-24.0.1\bin\zip.dll
Event: 0.323 Loaded shared library C:\Users\dejan\.jdks\openjdk-24.0.1\bin\instrument.dll
Event: 0.347 Loaded shared library C:\Users\dejan\.jdks\openjdk-24.0.1\bin\net.dll
Event: 0.355 Loaded shared library C:\Users\dejan\.jdks\openjdk-24.0.1\bin\nio.dll
Event: 0.394 Loaded shared library C:\Users\dejan\.jdks\openjdk-24.0.1\bin\zip.dll
Event: 0.437 Loaded shared library C:\Users\dejan\.jdks\openjdk-24.0.1\bin\jimage.dll
Event: 0.514 Loaded shared library C:\Users\dejan\.jdks\openjdk-24.0.1\bin\extnet.dll
Event: 0.555 Loaded shared library C:\Users\dejan\.jdks\openjdk-24.0.1\bin\management.dll
Event: 0.583 Loaded shared library C:\Users\dejan\.jdks\openjdk-24.0.1\bin\management_ext.dll
Event: 241.656 Loaded shared library C:\Users\dejan\AppData\Local\Temp\idea_libasyncProfiler_dll_temp_folder\libasyncProfiler.dll

Deoptimization events (20 events):
Event: 243.380 Thread 0x0000019bc974c040 Uncommon trap: trap_request=0xffffffcc fr.pc=0x0000019bbe9a951c relative=0x00000000000003dc
Event: 243.380 Thread 0x0000019bc974c040 Uncommon trap: reason=intrinsic_or_type_checked_inlining action=make_not_entrant pc=0x0000019bbe9a951c method=java.util.Arrays.copyOf([Ljava/lang/Object;ILjava/lang/Class;)[Ljava/lang/Object; @ 35 c2
Event: 243.380 Thread 0x0000019bc974c040 DEOPT PACKING pc=0x0000019bbe9a951c sp=0x0000004e03ffe5f0
Event: 243.380 Thread 0x0000019bc974c040 DEOPT UNPACKING pc=0x0000019bbe484902 sp=0x0000004e03ffe580 mode 2
Event: 243.453 Thread 0x0000019bc974c040 Uncommon trap: trap_request=0xffffff4d fr.pc=0x0000019bbe959730 relative=0x00000000000000b0
Event: 243.453 Thread 0x0000019bc974c040 Uncommon trap: reason=unstable_if action=reinterpret pc=0x0000019bbe959730 method=java.lang.ref.SoftReference.get()Ljava/lang/Object; @ 17 c2
Event: 243.453 Thread 0x0000019bc974c040 DEOPT PACKING pc=0x0000019bbe959730 sp=0x0000004e03ffe190
Event: 243.453 Thread 0x0000019bc974c040 DEOPT UNPACKING pc=0x0000019bbe484902 sp=0x0000004e03ffe120 mode 2
Event: 243.453 Thread 0x0000019c0f773e40 Uncommon trap: trap_request=0xffffff4d fr.pc=0x0000019bbe9717bc relative=0x0000000000001c1c
Event: 243.454 Thread 0x0000019c0f773e40 Uncommon trap: reason=unstable_if action=reinterpret pc=0x0000019bbe9717bc method=java.lang.ref.SoftReference.get()Ljava/lang/Object; @ 17 c2
Event: 243.454 Thread 0x0000019c0f773e40 DEOPT PACKING pc=0x0000019bbe9717bc sp=0x0000004e048ff110
Event: 243.454 Thread 0x0000019c0f773e40 DEOPT UNPACKING pc=0x0000019bbe484902 sp=0x0000004e048fef90 mode 2
Event: 243.465 Thread 0x0000019bc974c040 Uncommon trap: trap_request=0xffffff4d fr.pc=0x0000019bbe95ca58 relative=0x0000000000000058
Event: 243.465 Thread 0x0000019bc974c040 Uncommon trap: reason=unstable_if action=reinterpret pc=0x0000019bbe95ca58 method=java.lang.ref.ReferenceQueue.poll()Ljava/lang/ref/Reference; @ 4 c2
Event: 243.465 Thread 0x0000019bc974c040 DEOPT PACKING pc=0x0000019bbe95ca58 sp=0x0000004e03ffda10
Event: 243.465 Thread 0x0000019bc974c040 DEOPT UNPACKING pc=0x0000019bbe484902 sp=0x0000004e03ffd980 mode 2
Event: 243.592 Thread 0x0000019bc974c040 Uncommon trap: trap_request=0xffffff4d fr.pc=0x0000019bbe9b4ee0 relative=0x0000000000000060
Event: 243.592 Thread 0x0000019bc974c040 Uncommon trap: reason=unstable_if action=reinterpret pc=0x0000019bbe9b4ee0 method=java.io.ByteArrayOutputStream.ensureCapacity(I)V @ 11 c2
Event: 243.592 Thread 0x0000019bc974c040 DEOPT PACKING pc=0x0000019bbe9b4ee0 sp=0x0000004e03ffe7f0
Event: 243.592 Thread 0x0000019bc974c040 DEOPT UNPACKING pc=0x0000019bbe484902 sp=0x0000004e03ffe770 mode 2

Classes loaded (20 events):
Event: 243.555 Loading class jdk/jfr/internal/MetadataWriter
Event: 243.556 Loading class jdk/jfr/internal/MetadataWriter done
Event: 243.556 Loading class jdk/jfr/internal/MetadataDescriptor$Element
Event: 243.556 Loading class jdk/jfr/internal/MetadataDescriptor$Element done
Event: 243.557 Loading class jdk/jfr/internal/MetadataDescriptor$Attribute
Event: 243.558 Loading class jdk/jfr/internal/MetadataDescriptor$Attribute done
Event: 243.579 Loading class jdk/jfr/internal/consumer/StringParser$Encoding
Event: 243.580 Loading class jdk/jfr/internal/consumer/StringParser$Encoding done
Event: 243.600 Loading class jdk/jfr/internal/consumer/RepositoryFiles
Event: 243.601 Loading class jdk/jfr/internal/consumer/RepositoryFiles done
Event: 243.605 Loading class jdk/jfr/internal/SettingsManager$InternalSetting
Event: 243.606 Loading class jdk/jfr/internal/SettingsManager$InternalSetting done
Event: 243.610 Loading class jdk/jfr/internal/util/Rate
Event: 243.610 Loading class jdk/jfr/internal/util/Rate done
Event: 243.610 Loading class jdk/jfr/internal/util/TimespanUnit
Event: 243.611 Loading class jdk/jfr/internal/util/TimespanUnit done
Event: 243.612 Loading class jdk/jfr/internal/util/ValueParser
Event: 243.612 Loading class jdk/jfr/internal/util/ValueParser done
Event: 243.615 Loading class jdk/jfr/internal/periodic/PeriodicType
Event: 243.615 Loading class jdk/jfr/internal/periodic/PeriodicType done

Classes unloaded (0 events):
No events

Classes redefined (0 events):
No events

Internal exceptions (20 events):
Event: 4.686 Thread 0x0000019c0f773e40 Exception <a 'java/lang/NoSuchMethodError'{0x00000000c4842bb8}: 'java.lang.Object java.lang.invoke.Invokers$Holder.invokeExact_MT(java.lang.Object, java.lang.Object, java.lang.Object, java.lang.Object, java.lang.Object, java.lang.Object)'> (0x00000000c4842bb8) 
thrown [s\open\src\hotspot\share\interpreter\linkResolver.cpp, line 805]
Event: 4.694 Thread 0x0000019c0f773e40 Exception <a 'java/lang/NoSuchMethodError'{0x00000000c484e948}: 'java.lang.Object java.lang.invoke.DirectMethodHandle$Holder.invokeInterface(java.lang.Object, java.lang.Object, java.lang.Object, java.lang.Object, java.lang.Object)'> (0x00000000c484e948) 
thrown [s\open\src\hotspot\share\interpreter\linkResolver.cpp, line 805]
Event: 4.726 Thread 0x0000019c0f773e40 Exception <a 'java/lang/NoSuchMethodError'{0x00000000c48998a8}: 'double java.lang.invoke.DirectMethodHandle$Holder.invokeInterface(java.lang.Object, java.lang.Object)'> (0x00000000c48998a8) 
thrown [s\open\src\hotspot\share\interpreter\linkResolver.cpp, line 805]
Event: 4.730 Thread 0x0000019c0f773e40 Exception <a 'java/lang/NoSuchMethodError'{0x00000000c48aa518}: 'double java.lang.invoke.DelegatingMethodHandle$Holder.reinvoke_L(java.lang.Object, java.lang.Object)'> (0x00000000c48aa518) 
thrown [s\open\src\hotspot\share\interpreter\linkResolver.cpp, line 805]
Event: 8.224 Thread 0x0000019c0f773e40 Exception <a 'java/lang/NoSuchMethodError'{0x00000000c48d2198}: 'long java.lang.invoke.DirectMethodHandle$Holder.invokeVirtual(java.lang.Object, java.lang.Object)'> (0x00000000c48d2198) 
thrown [s\open\src\hotspot\share\interpreter\linkResolver.cpp, line 805]
Event: 8.225 Thread 0x0000019c0f773e40 Exception <a 'java/lang/NoSuchMethodError'{0x00000000c48da488}: 'java.lang.Object java.lang.invoke.DirectMethodHandle$Holder.invokeStatic(java.lang.Object, long)'> (0x00000000c48da488) 
thrown [s\open\src\hotspot\share\interpreter\linkResolver.cpp, line 805]
Event: 8.228 Thread 0x0000019c0f773e40 Exception <a 'java/lang/NoSuchMethodError'{0x00000000c48ea530}: 'long java.lang.invoke.DelegatingMethodHandle$Holder.reinvoke_L(java.lang.Object, java.lang.Object)'> (0x00000000c48ea530) 
thrown [s\open\src\hotspot\share\interpreter\linkResolver.cpp, line 805]
Event: 66.085 Thread 0x0000019bae59a410 Exception <a 'java/lang/NoSuchMethodError'{0x00000000c53a59e8}: 'int java.lang.invoke.DirectMethodHandle$Holder.invokeStatic(java.lang.Object, int, java.lang.Object)'> (0x00000000c53a59e8) 
thrown [s\open\src\hotspot\share\interpreter\linkResolver.cpp, line 805]
Event: 102.685 Thread 0x0000019bae59a410 Exception <a 'java/lang/NoSuchMethodError'{0x00000000c53dae10}: 'java.lang.Object java.lang.invoke.DelegatingMethodHandle$Holder.reinvoke_L(java.lang.Object, java.lang.Object, java.lang.Object, long, java.lang.Object, java.lang.Object, java.lang.Object)'> (0x00000000c53dae10) 
thrown [s\open\src\hotspot\share\interpreter\linkResolver.cpp, line 805]
Event: 243.121 Thread 0x0000019bc974c040 Implicit null exception at 0x0000019bbe95e059 to 0x0000019bbe95ed78
Event: 243.164 Thread 0x0000019bc974c040 Exception <a 'java/lang/NoSuchMethodError'{0x00000000c41fd7a8}: 'void java.lang.invoke.DirectMethodHandle$Holder.invokeStaticInit(java.lang.Object)'> (0x00000000c41fd7a8) 
thrown [s\open\src\hotspot\share\interpreter\linkResolver.cpp, line 805]
Event: 243.186 Thread 0x0000019bc974c040 Exception <a 'java/lang/NoSuchMethodError'{0x00000000c405d108}: 'java.lang.Object java.lang.invoke.DirectMethodHandle$Holder.newInvokeSpecial(java.lang.Object, java.lang.Object, java.lang.Object, java.lang.Object, java.lang.Object)'> (0x00000000c405d108) 
thrown [s\open\src\hotspot\share\interpreter\linkResolver.cpp, line 805]
Event: 243.268 Thread 0x0000019bc974c040 Exception <a 'java/lang/NoSuchMethodError'{0x00000000c3ff23a8}: 'int java.lang.invoke.DirectMethodHandle$Holder.invokeStatic(java.lang.Object, java.lang.Object, java.lang.Object, java.lang.Object)'> (0x00000000c3ff23a8) 
thrown [s\open\src\hotspot\share\interpreter\linkResolver.cpp, line 805]
Event: 243.509 Thread 0x0000019bc974c040 Exception <a 'java/lang/NoSuchMethodError'{0x00000000c566fa98}: 'void java.lang.invoke.DirectMethodHandle$Holder.invokeSpecial(java.lang.Object, java.lang.Object, int)'> (0x00000000c566fa98) 
thrown [s\open\src\hotspot\share\interpreter\linkResolver.cpp, line 805]
Event: 243.510 Thread 0x0000019bc974c040 Exception <a 'java/lang/NoSuchMethodError'{0x00000000c56776b8}: 'void java.lang.invoke.Invokers$Holder.invokeExact_MT(java.lang.Object, int, java.lang.Object)'> (0x00000000c56776b8) 
thrown [s\open\src\hotspot\share\interpreter\linkResolver.cpp, line 805]
Event: 243.517 Thread 0x0000019bc974c040 Exception <a 'java/lang/NoSuchMethodError'{0x00000000c5691e98}: 'void java.lang.invoke.DirectMethodHandle$Holder.invokeStatic(java.lang.Object, java.lang.Object, int)'> (0x00000000c5691e98) 
thrown [s\open\src\hotspot\share\interpreter\linkResolver.cpp, line 805]
Event: 243.519 Thread 0x0000019bc974c040 Exception <a 'java/lang/NoSuchMethodError'{0x00000000c56a0da0}: 'java.lang.Object java.lang.invoke.DirectMethodHandle$Holder.newInvokeSpecial(java.lang.Object, java.lang.Object, int)'> (0x00000000c56a0da0) 
thrown [s\open\src\hotspot\share\interpreter\linkResolver.cpp, line 805]
Event: 243.534 Thread 0x0000019bc974c040 Exception <a 'sun/nio/fs/WindowsException'{0x00000000c56d5900}> (0x00000000c56d5900) 
thrown [s\open\src\hotspot\share\prims\jni.cpp, line 518]
Event: 243.540 Thread 0x0000019bc974c040 Exception <a 'sun/nio/fs/WindowsException'{0x00000000c56e26d8}> (0x00000000c56e26d8) 
thrown [s\open\src\hotspot\share\prims\jni.cpp, line 518]
Event: 243.549 Thread 0x0000019bc974c040 Exception <a 'sun/nio/fs/WindowsException'{0x00000000c56f44a0}> (0x00000000c56f44a0) 
thrown [s\open\src\hotspot\share\prims\jni.cpp, line 518]

VM Operations (20 events):
Event: 1.593 Executing VM operation: HandshakeAllThreads (Deoptimize)
Event: 1.593 Executing VM operation: HandshakeAllThreads (Deoptimize) done
Event: 1.825 Executing VM operation: HandshakeAllThreads (Deoptimize)
Event: 1.825 Executing VM operation: HandshakeAllThreads (Deoptimize) done
Event: 4.149 Executing VM operation: HandshakeAllThreads (Deoptimize)
Event: 4.150 Executing VM operation: HandshakeAllThreads (Deoptimize) done
Event: 60.376 Executing VM operation: HandshakeAllThreads (HandshakeForDeflation)
Event: 60.376 Executing VM operation: HandshakeAllThreads (HandshakeForDeflation) done
Event: 60.377 Executing VM operation: RendezvousGCThreads
Event: 60.377 Executing VM operation: RendezvousGCThreads done
Event: 120.594 Executing VM operation: HandshakeAllThreads (HandshakeForDeflation)
Event: 120.594 Executing VM operation: HandshakeAllThreads (HandshakeForDeflation) done
Event: 120.594 Executing VM operation: RendezvousGCThreads
Event: 120.594 Executing VM operation: RendezvousGCThreads done
Event: 243.392 Executing VM operation: G1CollectForAllocation (G1 Evacuation Pause)
Event: 243.452 Executing VM operation: G1CollectForAllocation (G1 Evacuation Pause) done
Event: 243.535 Executing VM operation: HandshakeAllThreads (Deoptimize)
Event: 243.535 Executing VM operation: HandshakeAllThreads (Deoptimize) done
Event: 243.601 Executing VM operation: JFRSafepointClear
Event: 243.601 Executing VM operation: JFRSafepointClear done

Memory protections (0 events):
No events

Nmethod flushes (0 events):
No events

Events (20 events):
Event: 0.183 Thread 0x0000019bae59a410 Thread added: 0x0000019bc97460b0
Event: 0.184 Thread 0x0000019bae59a410 Thread added: 0x0000019bc9749190
Event: 0.184 Thread 0x0000019bae59a410 Thread added: 0x0000019bc974c040
Event: 0.185 Thread 0x0000019bae59a410 Thread added: 0x0000019bc974f040
Event: 0.185 Thread 0x0000019bae59a410 Thread added: 0x0000019bc974cca0
Event: 0.185 Thread 0x0000019bae59a410 Thread added: 0x0000019bc974d840
Event: 0.185 Thread 0x0000019bae59a410 Thread added: 0x0000019bc974dfd0
Event: 0.333 Thread 0x0000019bae59a410 Thread added: 0x0000019bc99a0950
Event: 0.482 Thread 0x0000019bae59a410 Thread added: 0x0000019bc99db280
Event: 0.482 Thread 0x0000019bae59a410 Thread added: 0x0000019bc99dd620
Event: 1.175 Thread 0x0000019bc974d840 Thread added: 0x0000019c0f722d40
Event: 1.299 Thread 0x0000019c0f722d40 Thread exited: 0x0000019c0f722d40
Event: 1.841 Thread 0x0000019bc974c040 Thread added: 0x0000019c0f76c670
Event: 3.888 Thread 0x0000019c0f76c670 Thread added: 0x0000019c0f773e40
Event: 4.119 Thread 0x0000019c0f773e40 Thread added: 0x0000019c0f77fad0
Event: 4.137 Thread 0x0000019c0f773e40 Thread added: 0x0000019c0f780a20
Event: 50.654 Thread 0x0000019c0f76c670 Thread added: 0x0000019bc98283f0
Event: 214.199 Thread 0x0000019bc98283f0 Thread exited: 0x0000019bc98283f0
Event: 243.155 Thread 0x0000019bc974c040 Thread added: 0x0000019c0f474ba0
Event: 243.520 Thread 0x0000019bc974c040 Thread added: 0x0000019c0f4735b0


Dynamic libraries:
0x00007ff704770000 - 0x00007ff70477e000 	C:\Users\dejan\.jdks\openjdk-24.0.1\bin\java.exe
0x00007ffae8570000 - 0x00007ffae8787000 	C:\WINDOWS\SYSTEM32\ntdll.dll
0x00007ffae7ea0000 - 0x00007ffae7f64000 	C:\WINDOWS\System32\KERNEL32.DLL
0x00007ffae5970000 - 0x00007ffae5d42000 	C:\WINDOWS\System32\KERNELBASE.dll
0x00007ffae5d80000 - 0x00007ffae5e91000 	C:\WINDOWS\System32\ucrtbase.dll
0x00007ffadd830000 - 0x00007ffadd846000 	C:\Users\dejan\.jdks\openjdk-24.0.1\bin\jli.dll
0x00007ffadda30000 - 0x00007ffadda4b000 	C:\Users\dejan\.jdks\openjdk-24.0.1\bin\VCRUNTIME140.dll
0x00007ffae7a80000 - 0x00007ffae7c31000 	C:\WINDOWS\System32\USER32.dll
0x00007ffae5fe0000 - 0x00007ffae6006000 	C:\WINDOWS\System32\win32u.dll
0x00007ffae7910000 - 0x00007ffae7939000 	C:\WINDOWS\System32\GDI32.dll
0x00007ffae5720000 - 0x00007ffae5843000 	C:\WINDOWS\System32\gdi32full.dll
0x00007ffae58d0000 - 0x00007ffae596a000 	C:\WINDOWS\System32\msvcp_win.dll
0x00007ffad5710000 - 0x00007ffad59ab000 	C:\WINDOWS\WinSxS\amd64_microsoft.windows.common-controls_6595b64144ccf1df_6.0.22621.5413_none_270da5617387a498\COMCTL32.dll
0x00007ffae65b0000 - 0x00007ffae6657000 	C:\WINDOWS\System32\msvcrt.dll
0x00007ffae8410000 - 0x00007ffae8441000 	C:\WINDOWS\System32\IMM32.DLL
0x00007ffae2500000 - 0x00007ffae250c000 	C:\Users\dejan\.jdks\openjdk-24.0.1\bin\vcruntime140_1.dll
0x00007ffad4c90000 - 0x00007ffad4d1e000 	C:\Users\dejan\.jdks\openjdk-24.0.1\bin\msvcp140.dll
0x00007ffa85730000 - 0x00007ffa864d2000 	C:\Users\dejan\.jdks\openjdk-24.0.1\bin\server\jvm.dll
0x00007ffae6770000 - 0x00007ffae6821000 	C:\WINDOWS\System32\ADVAPI32.dll
0x00007ffae7df0000 - 0x00007ffae7e98000 	C:\WINDOWS\System32\sechost.dll
0x00007ffae5d50000 - 0x00007ffae5d78000 	C:\WINDOWS\System32\bcrypt.dll
0x00007ffae7940000 - 0x00007ffae7a54000 	C:\WINDOWS\System32\RPCRT4.dll
0x00007ffae6660000 - 0x00007ffae66d1000 	C:\WINDOWS\System32\WS2_32.dll
0x00007ffae5530000 - 0x00007ffae557d000 	C:\WINDOWS\SYSTEM32\POWRPROF.dll
0x00007ffad15c0000 - 0x00007ffad15f4000 	C:\WINDOWS\SYSTEM32\WINMM.dll
0x00007ffade780000 - 0x00007ffade78a000 	C:\WINDOWS\SYSTEM32\VERSION.dll
0x00007ffae5510000 - 0x00007ffae5523000 	C:\WINDOWS\SYSTEM32\UMPDC.dll
0x00007ffae4690000 - 0x00007ffae46a8000 	C:\WINDOWS\SYSTEM32\kernel.appcore.dll
0x00007ffae2470000 - 0x00007ffae247a000 	C:\Users\dejan\.jdks\openjdk-24.0.1\bin\jimage.dll
0x00007ffad0330000 - 0x00007ffad0562000 	C:\WINDOWS\SYSTEM32\DBGHELP.DLL
0x00007ffae6200000 - 0x00007ffae6593000 	C:\WINDOWS\System32\combase.dll
0x00007ffae8450000 - 0x00007ffae8527000 	C:\WINDOWS\System32\OLEAUT32.dll
0x00007ffabfaf0000 - 0x00007ffabfb22000 	C:\WINDOWS\SYSTEM32\dbgcore.DLL
0x00007ffae5850000 - 0x00007ffae58cb000 	C:\WINDOWS\System32\bcryptPrimitives.dll
0x00007ffadcfb0000 - 0x00007ffadcfbf000 	C:\Users\dejan\.jdks\openjdk-24.0.1\bin\instrument.dll
0x00007ffadc360000 - 0x00007ffadc37e000 	C:\Users\dejan\.jdks\openjdk-24.0.1\bin\java.dll
0x00007ffae68a0000 - 0x00007ffae6a40000 	C:\WINDOWS\System32\ole32.dll
0x00007ffae6fc0000 - 0x00007ffae7862000 	C:\WINDOWS\System32\SHELL32.dll
0x00007ffae5ea0000 - 0x00007ffae5fdf000 	C:\WINDOWS\System32\wintypes.dll
0x00007ffae3560000 - 0x00007ffae3e7d000 	C:\WINDOWS\SYSTEM32\windows.storage.dll
0x00007ffae7f70000 - 0x00007ffae807b000 	C:\WINDOWS\System32\SHCORE.dll
0x00007ffae6830000 - 0x00007ffae6899000 	C:\WINDOWS\System32\shlwapi.dll
0x00007ffae5590000 - 0x00007ffae55bb000 	C:\WINDOWS\SYSTEM32\profapi.dll
0x00007ffaaf810000 - 0x00007ffaaf8e7000 	C:\Users\dejan\.jdks\openjdk-24.0.1\bin\jsvml.dll
0x00007ffadc340000 - 0x00007ffadc357000 	C:\Users\dejan\.jdks\openjdk-24.0.1\bin\zip.dll
0x00007ffae0110000 - 0x00007ffae0120000 	C:\Users\dejan\.jdks\openjdk-24.0.1\bin\net.dll
0x00007ffae4b10000 - 0x00007ffae4b79000 	C:\WINDOWS\system32\mswsock.dll
0x00007ffadabd0000 - 0x00007ffadabe6000 	C:\Users\dejan\.jdks\openjdk-24.0.1\bin\nio.dll
0x00007ffae41a0000 - 0x00007ffae4298000 	C:\WINDOWS\SYSTEM32\DNSAPI.dll
0x00007ffae4120000 - 0x00007ffae414d000 	C:\WINDOWS\SYSTEM32\IPHLPAPI.DLL
0x00007ffae7900000 - 0x00007ffae7909000 	C:\WINDOWS\System32\NSI.dll
0x00007ffacc510000 - 0x00007ffacc51a000 	C:\Windows\System32\rasadhlp.dll
0x00007ffadea70000 - 0x00007ffadeaf4000 	C:\WINDOWS\System32\fwpuclnt.dll
0x00007ffadd820000 - 0x00007ffadd829000 	C:\Users\dejan\.jdks\openjdk-24.0.1\bin\extnet.dll
0x00007ffadd430000 - 0x00007ffadd43a000 	C:\Users\dejan\.jdks\openjdk-24.0.1\bin\management.dll
0x00007ffadc330000 - 0x00007ffadc33b000 	C:\Users\dejan\.jdks\openjdk-24.0.1\bin\management_ext.dll
0x00007ffae78f0000 - 0x00007ffae78f8000 	C:\WINDOWS\System32\PSAPI.DLL
0x00007ffae4d70000 - 0x00007ffae4d8b000 	C:\WINDOWS\SYSTEM32\CRYPTSP.dll
0x00007ffae45f0000 - 0x00007ffae4627000 	C:\WINDOWS\system32\rsaenh.dll
0x00007ffae4c00000 - 0x00007ffae4c28000 	C:\WINDOWS\SYSTEM32\USERENV.dll
0x00007ffae4d60000 - 0x00007ffae4d6c000 	C:\WINDOWS\SYSTEM32\CRYPTBASE.dll
0x00007ffa79400000 - 0x00007ffa79417000 	C:\WINDOWS\system32\napinsp.dll
0x00007ffa793e0000 - 0x00007ffa793fb000 	C:\WINDOWS\system32\pnrpnsp.dll
0x00007ffadd920000 - 0x00007ffadd941000 	C:\WINDOWS\system32\nlansp_c.dll
0x00007ffa74760000 - 0x00007ffa74771000 	C:\WINDOWS\System32\winrnr.dll
0x00007ffab7c00000 - 0x00007ffab7c1f000 	C:\WINDOWS\system32\wshbth.dll
0x00007ffac3900000 - 0x00007ffac3950000 	C:\WINDOWS\SYSTEM32\pdh.dll
0x00007ffadd7e0000 - 0x00007ffadd7f1000 	C:\WINDOWS\System32\perfproc.dll
0x00007ffa80990000 - 0x00007ffa80b88000 	C:\Users\dejan\AppData\Local\Temp\idea_libasyncProfiler_dll_temp_folder\libasyncProfiler.dll

JVMTI agents:
C:\Users\dejan\AppData\Local\Programs\IntelliJ IDEA Ultimate\lib\idea_rt.jar path:C:\Users\dejan\.jdks\openjdk-24.0.1\bin\instrument.dll, loaded, initialized, instrumentlib options:63076

dbghelp: loaded successfully - version: 4.0.5 - missing functions: none
symbol engine: initialized successfully - sym options: 0x614 - pdb path: .;C:\Users\dejan\.jdks\openjdk-24.0.1\bin;C:\WINDOWS\SYSTEM32;C:\WINDOWS\WinSxS\amd64_microsoft.windows.common-controls_6595b64144ccf1df_6.0.22621.5413_none_270da5617387a498;C:\Users\dejan\.jdks\openjdk-24.0.1\bin\server;C:\Users\dejan\AppData\Local\Temp\idea_libasyncProfiler_dll_temp_folder

VM Arguments:
jvm_args: -javaagent:C:\Users\dejan\AppData\Local\Programs\IntelliJ IDEA Ultimate\lib\idea_rt.jar=63076 -Dfile.encoding=UTF-8 -Dsun.stdout.encoding=UTF-8 -Dsun.stderr.encoding=UTF-8 
java_command: Main.Main
java_class_path (initial): C:\Users\dejan\IdeaProjects\JAVAProjects\SGE\out\production\PROJECT_SGE
Launcher Type: SUN_STANDARD

[Global flags]
     intx CICompilerCount                          = 3                                         {product} {ergonomic}
     uint ConcGCThreads                            = 1                                         {product} {ergonomic}
     bool FlightRecorder                           = true                                      {product} {management}
     uint G1ConcRefinementThreads                  = 4                                         {product} {ergonomic}
   size_t G1HeapRegionSize                         = 1048576                                   {product} {ergonomic}
   size_t InitialHeapSize                          = 67108864                                  {product} {ergonomic}
   size_t MarkStackSize                            = 4194304                                   {product} {ergonomic}
   size_t MarkStackSizeMax                         = 536870912                                 {product} {ergonomic}
   size_t MaxHeapSize                              = 1048576000                                {product} {ergonomic}
   size_t MaxNewSize                               = 629145600                                 {product} {ergonomic}
   size_t MinHeapDeltaBytes                        = 1048576                                   {product} {ergonomic}
   size_t MinHeapSize                              = 8388608                                   {product} {ergonomic}
    uintx NonNMethodCodeHeapSize                   = 5832704                                {pd product} {ergonomic}
    uintx NonProfiledCodeHeapSize                  = 122945536                              {pd product} {ergonomic}
    uintx ProfiledCodeHeapSize                     = 122880000                              {pd product} {ergonomic}
    uintx ReservedCodeCacheSize                    = 251658240                              {pd product} {ergonomic}
     bool SegmentedCodeCache                       = true                                      {product} {ergonomic}
   size_t SoftMaxHeapSize                          = 1048576000                             {manageable} {ergonomic}
     bool UseCompressedOops                        = true                           {product lp64_product} {ergonomic}
     bool UseG1GC                                  = true                                      {product} {ergonomic}
     bool UseLargePagesIndividualAllocation        = false                                  {pd product} {ergonomic}

Logging:
Log output configuration:
 #0: stdout all=warning uptime,level,tags foldmultilines=false
 #1: stderr all=off uptime,level,tags foldmultilines=false

Environment Variables:
PATH=C:\Program Files (x86)\Common Files\Oracle\Java\java8path;C:\Program Files (x86)\Common Files\Oracle\Java\javapath;C:\WINDOWS\system32;C:\WINDOWS;C:\WINDOWS\System32\Wbem;C:\WINDOWS\System32\WindowsPowerShell\v1.0\;C:\WINDOWS\System32\OpenSSH\;C:\Program Files\Git\cmd;C:\Program Files\nodejs\;C:\Users\dejan\AppData\Local\Microsoft\WindowsApps;C:\Users\dejan\AppData\Local\Programs\Microsoft VS Code\bin;C:\Users\dejan\AppData\Roaming\npm;C:\Program Files\JetBrains\IntelliJ IDEA Community Edition 2024.2.1\bin;C:\Users\dejan\AppData\Local\JetBrains\Toolbox\scripts;
USERNAME=dejan
OS=Windows_NT
PROCESSOR_IDENTIFIER=Intel64 Family 6 Model 78 Stepping 3, GenuineIntel
TMP=C:\Users\dejan\AppData\Local\Temp
TEMP=C:\Users\dejan\AppData\Local\Temp




Periodic native trim disabled

---------------  S Y S T E M  ---------------

OS:
 Windows 11 , 64 bit Build 22621 (10.0.22621.5413)
OS uptime: 5 days 1:29 hours

CPU: total 4 (initial active 4) (2 cores per cpu, 2 threads per core) family 6 model 78 stepping 3 microcode 0xd6, cx8, cmov, fxsr, ht, mmx, 3dnowpref, sse, sse2, sse3, ssse3, sse4.1, sse4.2, popcnt, lzcnt, tsc, tscinvbit, avx, avx2, aes, erms, clmul, bmi1, bmi2, rtm, adx, fma, vzeroupper, clflush, clflushopt, rdtscp, f16c
Processor Information for the first 4 processors :
  Max Mhz: 2304, Current Mhz: 2304, Mhz Limit: 2304

Memory: 4k page, system-wide physical 3992M (334M free)
TotalPageFile size 14115M (AvailPageFile size 2772M)
current process WorkingSet (physical memory assigned to process): 73M, peak: 73M
current process commit charge ("private bytes"): 194M, peak: 198M

vm_info: OpenJDK 64-Bit Server VM (24.0.1+9-30) for windows-amd64 JRE (24.0.1+9-30), built on 2025-03-05T07:23:45Z with MS VC++ 17.6 (VS2022)

END.
